<?xml version="1.0" encoding="UTF-8"?>
<!-- Generated by org.testng.reporters.JUnitReportReporter -->
<testsuite hostname="INHYNMENJAM1" name="Testtraining.PayTmLogin" tests="8" failures="0" timestamp="13 Feb 2018 12:02:29 GMT" time="99.009" errors="0">
  <testcase name="LoginTest" time="11.949" classname="Testtraining.PayTmLogin"/>
  <testcase name="LoginTest" time="12.357" classname="Testtraining.PayTmLogin"/>
  <testcase name="LoginTest" time="12.764" classname="Testtraining.PayTmLogin"/>
  <testcase name="LoginTest" time="13.673" classname="Testtraining.PayTmLogin"/>
  <testcase name="LoginTest" time="12.051" classname="Testtraining.PayTmLogin"/>
  <testcase name="LoginTest" time="11.997" classname="Testtraining.PayTmLogin"/>
  <testcase name="LoginTest" time="12.742" classname="Testtraining.PayTmLogin"/>
  <testcase name="LoginTest" time="11.476" classname="Testtraining.PayTmLogin"/>
</testsuite> <!-- Testtraining.PayTmLogin -->
