<?xml version="1.0" encoding="UTF-8"?>
<!-- Generated by org.testng.reporters.JUnitReportReporter -->
<testsuite hostname="INHYNMENJAM1" name="Testtraining.NewTest" tests="1" failures="0" timestamp="12 Feb 2018 10:34:12 GMT" time="0.081" errors="0">
  <testcase name="f" time="0.081" classname="Testtraining.NewTest"/>
</testsuite> <!-- Testtraining.NewTest -->
